2023-05-15 11:05:34 INFO  HomePage :102 - Mouse hover on Gear menu [[ChromeDriver: chrome on WINDOWS (c0f6cbb535d6da841ed81ccd1041d804)] -> xpath: //span[normalize-space()='Gear']]
2023-05-15 11:05:196 INFO  HomePage :109 - Click on Bags [[ChromeDriver: chrome on WINDOWS (c0f6cbb535d6da841ed81ccd1041d804)] -> xpath: //span[normalize-space()='Bags']]
2023-05-15 11:05:130 INFO  GearPage :27 -  Click on Product Name ‘Overnight Duffle’[[ChromeDriver: chrome on WINDOWS (c0f6cbb535d6da841ed81ccd1041d804)] -> xpath: //a[normalize-space()='Overnight Duffle']]
2023-05-15 11:05:349 INFO  OvernightDuffle :49 - Verify the text ‘Overnight Duffle’ [[ChromeDriver: chrome on WINDOWS (c0f6cbb535d6da841ed81ccd1041d804)] -> xpath: //span[@class='base']]
2023-05-15 11:05:479 INFO  OvernightDuffle :56 - Change quantity to 3 [[ChromeDriver: chrome on WINDOWS (c0f6cbb535d6da841ed81ccd1041d804)] -> xpath: //input[@id='qty']]
2023-05-15 11:05:629 INFO  OvernightDuffle :63 - Click on add to cart button [[ChromeDriver: chrome on WINDOWS (c0f6cbb535d6da841ed81ccd1041d804)] -> xpath: //button[@id='product-addtocart-button']]
2023-05-15 11:05:185 INFO  OvernightDuffle :70 - Verify the text ‘You added Overnight Duffle to your shopping cart.’ [[ChromeDriver: chrome on WINDOWS (c0f6cbb535d6da841ed81ccd1041d804)] -> xpath: //div[@data-bind='html: $parent.prepareMessageForHtml(message.text)']]
2023-05-15 11:05:212 INFO  OvernightDuffle :77 - Click on shopping cart in to the message [[ChromeDriver: chrome on WINDOWS (c0f6cbb535d6da841ed81ccd1041d804)] -> xpath: //a[normalize-space()='shopping cart']]
2023-05-15 11:05:724 INFO  ShoppingCartPage :92 - Verify the Bag name ‘Overnight Duffle’ [[ChromeDriver: chrome on WINDOWS (c0f6cbb535d6da841ed81ccd1041d804)] -> xpath: //td[@class='col item']//a[normalize-space()='Overnight Duffle']]
2023-05-15 11:05:790 INFO  ShoppingCartPage :99 - Verify the Bag Quantity '3' By.xpath: //input[@title='Qty']
2023-05-15 11:05:852 INFO  ShoppingCartPage :105 - Verify the Bag price ‘$135.00’ [[ChromeDriver: chrome on WINDOWS (c0f6cbb535d6da841ed81ccd1041d804)] -> xpath: (//span[@class='cart-price']//span)[2]]
2023-05-15 11:05:878 INFO  ShoppingCartPage :112 - Change shopping cart quantity to 5 [[ChromeDriver: chrome on WINDOWS (c0f6cbb535d6da841ed81ccd1041d804)] -> xpath: (//input[@class='input-text qty'])[1]]
2023-05-15 11:05:992 INFO  ShoppingCartPage :118 - Click on ‘Update Shopping Cart’ button [[ChromeDriver: chrome on WINDOWS (c0f6cbb535d6da841ed81ccd1041d804)] -> xpath: //span[normalize-space()='Update Shopping Cart']]
2023-05-15 11:05:340 INFO  ShoppingCartPage :125 - Verify the product price ‘$225.00’ [[ChromeDriver: chrome on WINDOWS (c0f6cbb535d6da841ed81ccd1041d804)] -> xpath: (//span[@class='cart-price']//span)[2]]
2023-05-15 11:05:442 INFO  ShoppingCartPage :125 - Verify the product price ‘$225.00’ [[ChromeDriver: chrome on WINDOWS (c0f6cbb535d6da841ed81ccd1041d804)] -> xpath: (//span[@class='cart-price']//span)[2]]
2023-05-15 11:05:381 INFO  HomePage :82 - Mouse hover on Men menu [[ChromeDriver: chrome on WINDOWS (54403199a699a0d063f7aa9bac75e474)] -> xpath: //span[normalize-space()='Men']]
2023-05-15 11:05:541 INFO  HomePage :88 - Mouse hover on Men Bottoms [[ChromeDriver: chrome on WINDOWS (54403199a699a0d063f7aa9bac75e474)] -> xpath: //a[@id='ui-id-18']]
2023-05-15 11:05:687 INFO  HomePage :95 - Click on Pants [[ChromeDriver: chrome on WINDOWS (54403199a699a0d063f7aa9bac75e474)] -> xpath: //a[@id='ui-id-23']//span[contains(text(),'Pants')]]
2023-05-15 11:05:214 INFO  MenPage :62 - Click on Pant Size [[ChromeDriver: chrome on WINDOWS (54403199a699a0d063f7aa9bac75e474)] -> xpath: (//div[@class='swatch-option text'])[1]]
2023-05-15 11:05:423 INFO  MenPage :69 - Mouse hover and click on Pant Colour [[ChromeDriver: chrome on WINDOWS (54403199a699a0d063f7aa9bac75e474)] -> xpath: (//div[@class='swatch-option color'])[1]]
2023-05-15 11:05:624 INFO  MenPage :77 - Mouse hover On Add To Cart Button [[ChromeDriver: chrome on WINDOWS (54403199a699a0d063f7aa9bac75e474)] -> xpath: //a[normalize-space()='Cronus Yoga Pant']]
2023-05-15 11:05:787 INFO  MenPage :81 - Click on Add To Cart Button [[ChromeDriver: chrome on WINDOWS (54403199a699a0d063f7aa9bac75e474)] -> xpath: (//span[contains(text(),'Add to Cart')])[1]]
2023-05-15 11:05:178 INFO  MenPage :88 - verify added item to the Shopping Cart [[ChromeDriver: chrome on WINDOWS (54403199a699a0d063f7aa9bac75e474)] -> xpath: //div[@data-bind='html: $parent.prepareMessageForHtml(message.text)']]
2023-05-15 11:05:216 INFO  MenPage :94 - Mouse hover and click on Shopping Cart [[ChromeDriver: chrome on WINDOWS (54403199a699a0d063f7aa9bac75e474)] -> xpath: //a[normalize-space()='shopping cart']]
2023-05-15 11:05:964 INFO  ShoppingCartPage :68 - verify the text shopping cart [[ChromeDriver: chrome on WINDOWS (54403199a699a0d063f7aa9bac75e474)] -> xpath: //span[@class='base']]
2023-05-15 11:05:01 INFO  ShoppingCartPage :74 - Verify the product name [[ChromeDriver: chrome on WINDOWS (54403199a699a0d063f7aa9bac75e474)] -> xpath: //td[@class='col item']//a[normalize-space()='Cronus Yoga Pant']]
2023-05-15 11:05:34 INFO  ShoppingCartPage :79 - Verify the product size [[ChromeDriver: chrome on WINDOWS (54403199a699a0d063f7aa9bac75e474)] -> xpath: //dd[contains(text(),'32')]]
2023-05-15 11:05:69 INFO  ShoppingCartPage :85 - Verify the product colour [[ChromeDriver: chrome on WINDOWS (54403199a699a0d063f7aa9bac75e474)] -> xpath: //dd[contains(text(),'Black')]]
2023-05-15 11:05:544 INFO  HomePage :60 - Mouse hover on Women menu [[ChromeDriver: chrome on WINDOWS (5c4abf092be8b00a37098e6e60d7fd14)] -> xpath: //span[normalize-space()='Women']]
2023-05-15 11:05:690 INFO  HomePage :67 - Mouse hover on Women Tops [[ChromeDriver: chrome on WINDOWS (5c4abf092be8b00a37098e6e60d7fd14)] -> xpath: //a[@id='ui-id-9']//span[contains(text(),'Tops')]]
2023-05-15 11:05:845 INFO  HomePage :74 - Click on Jackets [[ChromeDriver: chrome on WINDOWS (5c4abf092be8b00a37098e6e60d7fd14)] -> xpath: //a[@id='ui-id-11']//span[contains(text(),'Jackets')]]
2023-05-15 11:05:121 INFO  HomePage :60 - Mouse hover on Women menu [[ChromeDriver: chrome on WINDOWS (abc6e8312d590279dcaa716b00b42ce7)] -> xpath: //span[normalize-space()='Women']]
2023-05-15 11:05:294 INFO  HomePage :67 - Mouse hover on Women Tops [[ChromeDriver: chrome on WINDOWS (abc6e8312d590279dcaa716b00b42ce7)] -> xpath: //a[@id='ui-id-9']//span[contains(text(),'Tops')]]
2023-05-15 11:05:455 INFO  HomePage :74 - Click on Jackets [[ChromeDriver: chrome on WINDOWS (abc6e8312d590279dcaa716b00b42ce7)] -> xpath: //a[@id='ui-id-11']//span[contains(text(),'Jackets')]]
2023-05-15 11:05:279 INFO  WomenPage :100 - Jackets list After sorting By.xpath: //span[@class='price-wrapper ']//span
2023-05-15 11:05:398 INFO  WomenPage :83 - Jackets list Before sorting By.xpath: //span[@class='price-wrapper ']//span
